ter nov 7 19:45:30 -02 2017 - Piloto: "Vitor Mattos" e Copiloto: "Bruno Lima"
ter nov 7 19:45:51 -02 2017 - Piloto: "Vitor Mattos" e Copiloto: "Bruno Lima"
ter nov 7 19:51:03 -02 2017 - Piloto: "Bruno Lima" e Copiloto: "Romulo Pires"
ter nov 7 19:55:38 -02 2017 - Piloto: "Romulo Pires" e Copiloto: "Manoel França"
ter nov 7 20:00:23 -02 2017 - Piloto: "Manoel França" e Copiloto: "Gabriel Gonçalves"
ter nov 7 20:04:27 -02 2017 - Piloto: "Gabriel Gonçalves" e Copiloto: "Matheus Rodrigues"
ter nov 7 20:08:02 -02 2017 - Piloto: "Matheus Rodrigues" e Copiloto: "Mauricio Falbo"
ter nov 7 20:11:42 -02 2017 - Piloto: "Mauricio Falbo" e Copiloto: "Charley Oliveira"
ter nov 7 20:15:22 -02 2017 - Piloto: "Charley Oliveira" e Copiloto: "Thiago Alves"
ter nov 7 20:18:51 -02 2017 - Piloto: "Thiago Alves" e Copiloto: "Camila Lacerda"
ter nov 7 20:23:33 -02 2017 - Piloto: "Camila Lacerda" e Copiloto: "Mariana Nassar"
ter nov 7 20:27:46 -02 2017 - Piloto: "Mariana Nassar" e Copiloto: "Lucas Henrique"
ter nov 7 20:31:23 -02 2017 - Piloto: "Lucas Henrique" e Copiloto: " Cladioney Loureiro"
ter nov 7 20:34:51 -02 2017 - Piloto: "Cladioney Loureiro" e Copiloto: "Bruno Lima"
ter nov 7 20:38:21 -02 2017 - Piloto: "Bruno Lima" e Copiloto: "Rafael Bernardo"
ter nov 7 20:42:03 -02 2017 - Piloto: "Rafael Bernardo" e Copiloto: "Victor Machado"
ter nov 7 20:45:40 -02 2017 - Piloto: "Victor Machado" e Copiloto: "Lucas Shelby"
ter nov 7 20:49:50 -02 2017 - Piloto: "Lucas Shelby" e Copiloto: "Mateus Rodrigues"
ter nov 7 20:53:27 -02 2017 - Piloto: "Anthony Rodrigues" e Copiloto: "Vitor Mattos"
ter nov 7 20:56:52 -02 2017 - Piloto: "Vitor Mattos" e Copiloto: "Virgílio Pontes"
ter nov 7 21:00:49 -02 2017 - Piloto: "Virgílio Pontes" e Copiloto: "Vinicius Mattos"
ter nov 7 21:04:32 -02 2017 - Piloto: "Vinicius Mattos" e Copiloto: "Manoel França"
ter nov 7 21:08:16 -02 2017 - Piloto: "Manoel França" e Copiloto: "Maurício Falbo"
ter nov 7 21:11:48 -02 2017 - Piloto: "Maurício Falbo" e Copiloto: "Vitor Mattos"
